


ARM Macro Assembler    Page 1 


    1 00000000                 AREA             |.text|, CODE, READONLY , ALIGN
=4
    2 00000000                 PRESERVE8
    3 00000000                 THUMB
    4 00000000                 EXTERN           currentPtr
    5 00000000                 EXPORT           SysTick_Handler
    6 00000000                 EXPORT           OS_SchedulerLaunch
    7 00000000                 IMPORT           checkPiriority
    8 00000000         
    9 00000000         
   10 00000000         SysTick_Handler                      ;save r0,r1,r2,r3,r
                                                            12,lr,pc,psr    
   11 00000000 B672            CPSID            I           ; disabling the int
                                                            errupts            
                                                            
   12 00000002 E92D 0FF0       PUSH             {R4-R11}    ; save r4,r5,r6,r7,
                                                            r8,r9,r10,r11   
   13 00000006 4810            LDR              R0, =currentPtr ; r0 points to 
                                                            currentPt
   14 00000008 6801            LDR              R1, [R0]    ; r1= currentPt   
   15 0000000A F8C1 D000       STR              SP, [R1]    ; these four lines 
                                                            above save the cont
                                                            ext 
   16 0000000E B501            PUSH             {R0,LR}
   17 00000010 F7FF FFFE       BL               checkPiriority
   18 00000014 E8BD 4001       POP              {R0,LR}
   19 00000018 6801            LDR              R1,[R0]     ;R1= currentPt i.e.
                                                             New thread
   20 0000001A F8D1 D000       LDR              SP, [R1]    ; SP= currentPt->st
                                                            ackPt   
   21 0000001E E8BD 0FF0       POP              {R4-R11}    ; loading the new c
                                                            ontext from the sav
                                                            ed stack frame   
   22 00000022 B662            CPSIE            I
   23 00000024 4770            BX               LR
   24 00000026         
   25 00000026         
   26 00000026         
   27 00000026         OS_SchedulerLaunch
   28 00000026 B672            CPSID            I
   29 00000028 4807            LDR              R0, =currentPtr
   30 0000002A 6802            LDR              R2, [R0]    ; R2 =currentPt    
                                                               
   31 0000002C F8D2 D000       LDR              SP, [R2]    ;SP = currentPt->st
                                                            ackPt    
   32 00000030 E8BD 0FF0       POP              {R4-R11}
   33 00000034 BC0F            POP              {R0-R3}
   34 00000036 F85D CB04       POP              {R12}
   35 0000003A B001            ADD              SP,SP,#4
   36 0000003C F85D EB04       POP              {LR}
   37 00000040 B001            ADD              SP,SP,#4
   38 00000042 B662            CPSIE            I
   39 00000044 4770            BX               LR
   40 00000046         
   41 00000046 00 00           ALIGN
   42 00000048                 END
              00000000 
Command Line: --debug --xref --diag_suppress=9931 --cpu=Cortex-M4.fp.sp --apcs=
interwork --depend=.\objects\os_kernel_1.d -o.\objects\os_kernel_1.o -I.\RTE\_T



ARM Macro Assembler    Page 2 


M4C123 -IC:\Users\PC\AppData\Local\Arm\Packs\ARM\CMSIS\5.7.0\CMSIS\Core\Include
 -IC:\Users\PC\AppData\Local\Arm\Packs\Keil\TM4C_DFP\1.1.0\Device\Include\TM4C1
23 --predefine="__EVAL SETA 1" --predefine="__UVISION_VERSION SETA 531" --prede
fine="_RTE_ SETA 1" --predefine="TM4C1230H6PM SETA 1" --predefine="_RTE_ SETA 1
" --list=.\listings\os_kernel.lst OS_Kernel.s



ARM Macro Assembler    Page 1 Alphabetic symbol ordering
Relocatable symbols

.text 00000000

Symbol: .text
   Definitions
      At line 1 in file OS_Kernel.s
   Uses
      None
Comment: .text unused
OS_SchedulerLaunch 00000026

Symbol: OS_SchedulerLaunch
   Definitions
      At line 27 in file OS_Kernel.s
   Uses
      At line 6 in file OS_Kernel.s
Comment: OS_SchedulerLaunch used once
SysTick_Handler 00000000

Symbol: SysTick_Handler
   Definitions
      At line 10 in file OS_Kernel.s
   Uses
      At line 5 in file OS_Kernel.s
Comment: SysTick_Handler used once
3 symbols



ARM Macro Assembler    Page 1 Alphabetic symbol ordering
External symbols

checkPiriority 00000000

Symbol: checkPiriority
   Definitions
      At line 7 in file OS_Kernel.s
   Uses
      At line 17 in file OS_Kernel.s
Comment: checkPiriority used once
currentPtr 00000000

Symbol: currentPtr
   Definitions
      At line 4 in file OS_Kernel.s
   Uses
      At line 13 in file OS_Kernel.s
      At line 29 in file OS_Kernel.s

2 symbols
342 symbols in table
